<?xml version="1.0" encoding="UTF-8"?>
<!-- Generated by org.testng.reporters.JUnitXMLReporter -->
<testsuite ignored="0" hostname="Ravi-PC" failures="0" tests="9" name="FreeCRM Testcases" time="568.886" errors="0" timestamp="2021-03-28T19:35:59 IST">
  <testcase classname="com.zohocrm.qa.testcases.LandingPageTest" name="landingPageTitleTest" time="1.865"/>
  <testcase classname="com.zohocrm.qa.testcases.LandingPageTest" name="ClickOnSignInTest" time="4.413"/>
  <testcase classname="com.zohocrm.qa.testcases.LoginPageLoginIdTest" name="LoginPageLoginIdTitleTest" time="0.035"/>
  <testcase classname="com.zohocrm.qa.testcases.LoginPageLoginIdTest" name="ClickOnNextBtnTest" time="1.151"/>
  <testcase classname="com.zohocrm.qa.testcases.LoginPagePasswordTest" name="ClickOnSignInBtnTest" time="4.267"/>
  <testcase classname="com.zohocrm.qa.testcases.LoginPagePasswordTest" name="LoginPagePasswordTitleTest" time="5.021"/>
  <testcase classname="com.zohocrm.qa.testcases.HomePageTest" name="VerifyHomePageTest" time="50.978"/>
  <testcase classname="com.zohocrm.qa.testcases.HomePageTest" name="ContactLinkClickTest" time="33.303"/>
  <testcase classname="com.zohocrm.qa.testcases.HomePageTest" name="SignOutTest" time="63.498"/>
</testsuite> <!-- FreeCRM Testcases -->
